<?xml version="1.0" encoding="UTF-8"?>
<Site BuildName="Win32-mingw32-make"
	BuildStamp="20230907-0012-Experimental"
	Name="DESKTOP_GATUNO"
	Generator="ctest-3.27.4"
	CompilerName="C:/msys64/mingw64/bin/g++.exe"
	CompilerVersion="12.2.0"
	OSName="Windows"
	Hostname="DESKTOP_GATUNO"
	OSRelease=" Personal"
	OSVersion=" (Build 22621)"
	OSPlatform="AMD64"
	Is64Bits="1"
	VendorString="GenuineIntel"
	VendorID="Intel Corporation"
	FamilyID="6"
	ModelID="7"
	ProcessorCacheSize="-1"
	NumberOfLogicalCPU="16"
	NumberOfPhysicalCPU="10"
	TotalVirtualMemory="38721"
	TotalPhysicalMemory="32577"
	LogicalProcessorsPerPhysical="1"
	ProcessorClockFrequency="3686"
	>
	<Testing>
		<StartDateTime>Sep 06 18:13 Canada Central Standard Time</StartDateTime>
		<StartTestTime>1694045618</StartTestTime>
		<TestList/>
		<EndDateTime>Sep 06 18:13 Canada Central Standard Time</EndDateTime>
		<EndTestTime>1694045618</EndTestTime>
		<ElapsedMinutes>0</ElapsedMinutes>
	</Testing>
</Site>
